
Collecting usage statistics. To deactivate, set browser.gatherUsageStats to false.


  You can now view your Streamlit app in your browser.

  Local URL: http://localhost:8502
  Network URL: http://10.0.0.180:8502
  External URL: http://4.180.183.240:8502

2025-09-14 12:39:35.087 `label` got an empty value. This is discouraged for accessibility reasons and may be disallowed in the future by raising an exception. Please provide a non-empty label and hide it with label_visibility if needed.
Stack (most recent call last):
  File "/usr/local/python/3.12.1/lib/python3.12/threading.py", line 1030, in _bootstrap
    self._bootstrap_inner()
  File "/usr/local/python/3.12.1/lib/python3.12/threading.py", line 1073, in _bootstrap_inner
    self.run()
  File "/usr/local/python/3.12.1/lib/python3.12/threading.py", line 1010, in run
    self._target(*self._args, **self._kwargs)
  File "/usr/local/python/3.12.1/lib/python3.12/site-packages/streamlit/runtime/scriptrunner/script_runner.py", line 378, in _run_script_thread
    self._run_script(request.rerun_data)
  File "/usr/local/python/3.12.1/lib/python3.12/site-packages/streamlit/runtime/scriptrunner/script_runner.py", line 685, in _run_script
    ) = exec_func_with_error_handling(code_to_exec, ctx)
  File "/usr/local/python/3.12.1/lib/python3.12/site-packages/streamlit/runtime/scriptrunner/exec_code.py", line 128, in exec_func_with_error_handling
    result = func()
  File "/usr/local/python/3.12.1/lib/python3.12/site-packages/streamlit/runtime/scriptrunner/script_runner.py", line 669, in code_to_exec
    exec(code, module.__dict__)  # noqa: S102
  File "/workspaces/docex/webapp/app.py", line 45, in <module>
    choice = st.radio("", ["Home", "Informatie", "Document generator", "Document comparison"], index=0)
  File "/usr/local/python/3.12.1/lib/python3.12/site-packages/streamlit/runtime/metrics_util.py", line 443, in wrapped_func
    result = non_optional_func(*args, **kwargs)
  File "/usr/local/python/3.12.1/lib/python3.12/site-packages/streamlit/elements/widgets/radio.py", line 316, in radio
    return self._radio(
  File "/usr/local/python/3.12.1/lib/python3.12/site-packages/streamlit/elements/widgets/radio.py", line 361, in _radio
    maybe_raise_label_warnings(label, label_visibility)
  File "/usr/local/python/3.12.1/lib/python3.12/site-packages/streamlit/elements/lib/policies.py", line 184, in maybe_raise_label_warnings
    _LOGGER.warning(
2025-09-14 12:39:36.699 `label` got an empty value. This is discouraged for accessibility reasons and may be disallowed in the future by raising an exception. Please provide a non-empty label and hide it with label_visibility if needed.
Stack (most recent call last):
  File "/usr/local/python/3.12.1/lib/python3.12/threading.py", line 1030, in _bootstrap
    self._bootstrap_inner()
  File "/usr/local/python/3.12.1/lib/python3.12/threading.py", line 1073, in _bootstrap_inner
    self.run()
  File "/usr/local/python/3.12.1/lib/python3.12/threading.py", line 1010, in run
    self._target(*self._args, **self._kwargs)
  File "/usr/local/python/3.12.1/lib/python3.12/site-packages/streamlit/runtime/scriptrunner/script_runner.py", line 378, in _run_script_thread
    self._run_script(request.rerun_data)
  File "/usr/local/python/3.12.1/lib/python3.12/site-packages/streamlit/runtime/scriptrunner/script_runner.py", line 685, in _run_script
    ) = exec_func_with_error_handling(code_to_exec, ctx)
  File "/usr/local/python/3.12.1/lib/python3.12/site-packages/streamlit/runtime/scriptrunner/exec_code.py", line 128, in exec_func_with_error_handling
    result = func()
  File "/usr/local/python/3.12.1/lib/python3.12/site-packages/streamlit/runtime/scriptrunner/script_runner.py", line 669, in code_to_exec
    exec(code, module.__dict__)  # noqa: S102
  File "/workspaces/docex/webapp/app.py", line 45, in <module>
    choice = st.radio("", ["Home", "Informatie", "Document generator", "Document comparison"], index=0)
  File "/usr/local/python/3.12.1/lib/python3.12/site-packages/streamlit/runtime/metrics_util.py", line 443, in wrapped_func
    result = non_optional_func(*args, **kwargs)
  File "/usr/local/python/3.12.1/lib/python3.12/site-packages/streamlit/elements/widgets/radio.py", line 316, in radio
    return self._radio(
  File "/usr/local/python/3.12.1/lib/python3.12/site-packages/streamlit/elements/widgets/radio.py", line 361, in _radio
    maybe_raise_label_warnings(label, label_visibility)
  File "/usr/local/python/3.12.1/lib/python3.12/site-packages/streamlit/elements/lib/policies.py", line 184, in maybe_raise_label_warnings
    _LOGGER.warning(
2025-09-14 12:39:37.513 `label` got an empty value. This is discouraged for accessibility reasons and may be disallowed in the future by raising an exception. Please provide a non-empty label and hide it with label_visibility if needed.
Stack (most recent call last):
  File "/usr/local/python/3.12.1/lib/python3.12/threading.py", line 1030, in _bootstrap
    self._bootstrap_inner()
  File "/usr/local/python/3.12.1/lib/python3.12/threading.py", line 1073, in _bootstrap_inner
    self.run()
  File "/usr/local/python/3.12.1/lib/python3.12/threading.py", line 1010, in run
    self._target(*self._args, **self._kwargs)
  File "/usr/local/python/3.12.1/lib/python3.12/site-packages/streamlit/runtime/scriptrunner/script_runner.py", line 378, in _run_script_thread
    self._run_script(request.rerun_data)
  File "/usr/local/python/3.12.1/lib/python3.12/site-packages/streamlit/runtime/scriptrunner/script_runner.py", line 685, in _run_script
    ) = exec_func_with_error_handling(code_to_exec, ctx)
  File "/usr/local/python/3.12.1/lib/python3.12/site-packages/streamlit/runtime/scriptrunner/exec_code.py", line 128, in exec_func_with_error_handling
    result = func()
  File "/usr/local/python/3.12.1/lib/python3.12/site-packages/streamlit/runtime/scriptrunner/script_runner.py", line 669, in code_to_exec
    exec(code, module.__dict__)  # noqa: S102
  File "/workspaces/docex/webapp/app.py", line 45, in <module>
    choice = st.radio("", ["Home", "Informatie", "Document generator", "Document comparison"], index=0)
  File "/usr/local/python/3.12.1/lib/python3.12/site-packages/streamlit/runtime/metrics_util.py", line 443, in wrapped_func
    result = non_optional_func(*args, **kwargs)
  File "/usr/local/python/3.12.1/lib/python3.12/site-packages/streamlit/elements/widgets/radio.py", line 316, in radio
    return self._radio(
  File "/usr/local/python/3.12.1/lib/python3.12/site-packages/streamlit/elements/widgets/radio.py", line 361, in _radio
    maybe_raise_label_warnings(label, label_visibility)
  File "/usr/local/python/3.12.1/lib/python3.12/site-packages/streamlit/elements/lib/policies.py", line 184, in maybe_raise_label_warnings
    _LOGGER.warning(
2025-09-14 12:39:38.323 `label` got an empty value. This is discouraged for accessibility reasons and may be disallowed in the future by raising an exception. Please provide a non-empty label and hide it with label_visibility if needed.
Stack (most recent call last):
  File "/usr/local/python/3.12.1/lib/python3.12/threading.py", line 1030, in _bootstrap
    self._bootstrap_inner()
  File "/usr/local/python/3.12.1/lib/python3.12/threading.py", line 1073, in _bootstrap_inner
    self.run()
  File "/usr/local/python/3.12.1/lib/python3.12/threading.py", line 1010, in run
    self._target(*self._args, **self._kwargs)
  File "/usr/local/python/3.12.1/lib/python3.12/site-packages/streamlit/runtime/scriptrunner/script_runner.py", line 378, in _run_script_thread
    self._run_script(request.rerun_data)
  File "/usr/local/python/3.12.1/lib/python3.12/site-packages/streamlit/runtime/scriptrunner/script_runner.py", line 685, in _run_script
    ) = exec_func_with_error_handling(code_to_exec, ctx)
  File "/usr/local/python/3.12.1/lib/python3.12/site-packages/streamlit/runtime/scriptrunner/exec_code.py", line 128, in exec_func_with_error_handling
    result = func()
  File "/usr/local/python/3.12.1/lib/python3.12/site-packages/streamlit/runtime/scriptrunner/script_runner.py", line 669, in code_to_exec
    exec(code, module.__dict__)  # noqa: S102
  File "/workspaces/docex/webapp/app.py", line 45, in <module>
    choice = st.radio("", ["Home", "Informatie", "Document generator", "Document comparison"], index=0)
  File "/usr/local/python/3.12.1/lib/python3.12/site-packages/streamlit/runtime/metrics_util.py", line 443, in wrapped_func
    result = non_optional_func(*args, **kwargs)
  File "/usr/local/python/3.12.1/lib/python3.12/site-packages/streamlit/elements/widgets/radio.py", line 316, in radio
    return self._radio(
  File "/usr/local/python/3.12.1/lib/python3.12/site-packages/streamlit/elements/widgets/radio.py", line 361, in _radio
    maybe_raise_label_warnings(label, label_visibility)
  File "/usr/local/python/3.12.1/lib/python3.12/site-packages/streamlit/elements/lib/policies.py", line 184, in maybe_raise_label_warnings
    _LOGGER.warning(
2025-09-14 12:39:39.267 `label` got an empty value. This is discouraged for accessibility reasons and may be disallowed in the future by raising an exception. Please provide a non-empty label and hide it with label_visibility if needed.
Stack (most recent call last):
  File "/usr/local/python/3.12.1/lib/python3.12/threading.py", line 1030, in _bootstrap
    self._bootstrap_inner()
  File "/usr/local/python/3.12.1/lib/python3.12/threading.py", line 1073, in _bootstrap_inner
    self.run()
  File "/usr/local/python/3.12.1/lib/python3.12/threading.py", line 1010, in run
    self._target(*self._args, **self._kwargs)
  File "/usr/local/python/3.12.1/lib/python3.12/site-packages/streamlit/runtime/scriptrunner/script_runner.py", line 378, in _run_script_thread
    self._run_script(request.rerun_data)
  File "/usr/local/python/3.12.1/lib/python3.12/site-packages/streamlit/runtime/scriptrunner/script_runner.py", line 685, in _run_script
    ) = exec_func_with_error_handling(code_to_exec, ctx)
  File "/usr/local/python/3.12.1/lib/python3.12/site-packages/streamlit/runtime/scriptrunner/exec_code.py", line 128, in exec_func_with_error_handling
    result = func()
  File "/usr/local/python/3.12.1/lib/python3.12/site-packages/streamlit/runtime/scriptrunner/script_runner.py", line 669, in code_to_exec
    exec(code, module.__dict__)  # noqa: S102
  File "/workspaces/docex/webapp/app.py", line 45, in <module>
    choice = st.radio("", ["Home", "Informatie", "Document generator", "Document comparison"], index=0)
  File "/usr/local/python/3.12.1/lib/python3.12/site-packages/streamlit/runtime/metrics_util.py", line 443, in wrapped_func
    result = non_optional_func(*args, **kwargs)
  File "/usr/local/python/3.12.1/lib/python3.12/site-packages/streamlit/elements/widgets/radio.py", line 316, in radio
    return self._radio(
  File "/usr/local/python/3.12.1/lib/python3.12/site-packages/streamlit/elements/widgets/radio.py", line 361, in _radio
    maybe_raise_label_warnings(label, label_visibility)
  File "/usr/local/python/3.12.1/lib/python3.12/site-packages/streamlit/elements/lib/policies.py", line 184, in maybe_raise_label_warnings
    _LOGGER.warning(
2025-09-14 12:39:39.757 `label` got an empty value. This is discouraged for accessibility reasons and may be disallowed in the future by raising an exception. Please provide a non-empty label and hide it with label_visibility if needed.
Stack (most recent call last):
  File "/usr/local/python/3.12.1/lib/python3.12/threading.py", line 1030, in _bootstrap
    self._bootstrap_inner()
  File "/usr/local/python/3.12.1/lib/python3.12/threading.py", line 1073, in _bootstrap_inner
    self.run()
  File "/usr/local/python/3.12.1/lib/python3.12/threading.py", line 1010, in run
    self._target(*self._args, **self._kwargs)
  File "/usr/local/python/3.12.1/lib/python3.12/site-packages/streamlit/runtime/scriptrunner/script_runner.py", line 378, in _run_script_thread
    self._run_script(request.rerun_data)
  File "/usr/local/python/3.12.1/lib/python3.12/site-packages/streamlit/runtime/scriptrunner/script_runner.py", line 685, in _run_script
    ) = exec_func_with_error_handling(code_to_exec, ctx)
  File "/usr/local/python/3.12.1/lib/python3.12/site-packages/streamlit/runtime/scriptrunner/exec_code.py", line 128, in exec_func_with_error_handling
    result = func()
  File "/usr/local/python/3.12.1/lib/python3.12/site-packages/streamlit/runtime/scriptrunner/script_runner.py", line 669, in code_to_exec
    exec(code, module.__dict__)  # noqa: S102
  File "/workspaces/docex/webapp/app.py", line 45, in <module>
    choice = st.radio("", ["Home", "Informatie", "Document generator", "Document comparison"], index=0)
  File "/usr/local/python/3.12.1/lib/python3.12/site-packages/streamlit/runtime/metrics_util.py", line 443, in wrapped_func
    result = non_optional_func(*args, **kwargs)
  File "/usr/local/python/3.12.1/lib/python3.12/site-packages/streamlit/elements/widgets/radio.py", line 316, in radio
    return self._radio(
  File "/usr/local/python/3.12.1/lib/python3.12/site-packages/streamlit/elements/widgets/radio.py", line 361, in _radio
    maybe_raise_label_warnings(label, label_visibility)
  File "/usr/local/python/3.12.1/lib/python3.12/site-packages/streamlit/elements/lib/policies.py", line 184, in maybe_raise_label_warnings
    _LOGGER.warning(
2025-09-14 12:39:40.527 `label` got an empty value. This is discouraged for accessibility reasons and may be disallowed in the future by raising an exception. Please provide a non-empty label and hide it with label_visibility if needed.
Stack (most recent call last):
  File "/usr/local/python/3.12.1/lib/python3.12/threading.py", line 1030, in _bootstrap
    self._bootstrap_inner()
  File "/usr/local/python/3.12.1/lib/python3.12/threading.py", line 1073, in _bootstrap_inner
    self.run()
  File "/usr/local/python/3.12.1/lib/python3.12/threading.py", line 1010, in run
    self._target(*self._args, **self._kwargs)
  File "/usr/local/python/3.12.1/lib/python3.12/site-packages/streamlit/runtime/scriptrunner/script_runner.py", line 378, in _run_script_thread
    self._run_script(request.rerun_data)
  File "/usr/local/python/3.12.1/lib/python3.12/site-packages/streamlit/runtime/scriptrunner/script_runner.py", line 685, in _run_script
    ) = exec_func_with_error_handling(code_to_exec, ctx)
  File "/usr/local/python/3.12.1/lib/python3.12/site-packages/streamlit/runtime/scriptrunner/exec_code.py", line 128, in exec_func_with_error_handling
    result = func()
  File "/usr/local/python/3.12.1/lib/python3.12/site-packages/streamlit/runtime/scriptrunner/script_runner.py", line 669, in code_to_exec
    exec(code, module.__dict__)  # noqa: S102
  File "/workspaces/docex/webapp/app.py", line 45, in <module>
    choice = st.radio("", ["Home", "Informatie", "Document generator", "Document comparison"], index=0)
  File "/usr/local/python/3.12.1/lib/python3.12/site-packages/streamlit/runtime/metrics_util.py", line 443, in wrapped_func
    result = non_optional_func(*args, **kwargs)
  File "/usr/local/python/3.12.1/lib/python3.12/site-packages/streamlit/elements/widgets/radio.py", line 316, in radio
    return self._radio(
  File "/usr/local/python/3.12.1/lib/python3.12/site-packages/streamlit/elements/widgets/radio.py", line 361, in _radio
    maybe_raise_label_warnings(label, label_visibility)
  File "/usr/local/python/3.12.1/lib/python3.12/site-packages/streamlit/elements/lib/policies.py", line 184, in maybe_raise_label_warnings
    _LOGGER.warning(
2025-09-14 12:39:42.180 `label` got an empty value. This is discouraged for accessibility reasons and may be disallowed in the future by raising an exception. Please provide a non-empty label and hide it with label_visibility if needed.
Stack (most recent call last):
  File "/usr/local/python/3.12.1/lib/python3.12/threading.py", line 1030, in _bootstrap
    self._bootstrap_inner()
  File "/usr/local/python/3.12.1/lib/python3.12/threading.py", line 1073, in _bootstrap_inner
    self.run()
  File "/usr/local/python/3.12.1/lib/python3.12/threading.py", line 1010, in run
    self._target(*self._args, **self._kwargs)
  File "/usr/local/python/3.12.1/lib/python3.12/site-packages/streamlit/runtime/scriptrunner/script_runner.py", line 378, in _run_script_thread
    self._run_script(request.rerun_data)
  File "/usr/local/python/3.12.1/lib/python3.12/site-packages/streamlit/runtime/scriptrunner/script_runner.py", line 685, in _run_script
    ) = exec_func_with_error_handling(code_to_exec, ctx)
  File "/usr/local/python/3.12.1/lib/python3.12/site-packages/streamlit/runtime/scriptrunner/exec_code.py", line 128, in exec_func_with_error_handling
    result = func()
  File "/usr/local/python/3.12.1/lib/python3.12/site-packages/streamlit/runtime/scriptrunner/script_runner.py", line 669, in code_to_exec
    exec(code, module.__dict__)  # noqa: S102
  File "/workspaces/docex/webapp/app.py", line 45, in <module>
    choice = st.radio("", ["Home", "Informatie", "Document generator", "Document comparison"], index=0)
  File "/usr/local/python/3.12.1/lib/python3.12/site-packages/streamlit/runtime/metrics_util.py", line 443, in wrapped_func
    result = non_optional_func(*args, **kwargs)
  File "/usr/local/python/3.12.1/lib/python3.12/site-packages/streamlit/elements/widgets/radio.py", line 316, in radio
    return self._radio(
  File "/usr/local/python/3.12.1/lib/python3.12/site-packages/streamlit/elements/widgets/radio.py", line 361, in _radio
    maybe_raise_label_warnings(label, label_visibility)
  File "/usr/local/python/3.12.1/lib/python3.12/site-packages/streamlit/elements/lib/policies.py", line 184, in maybe_raise_label_warnings
    _LOGGER.warning(
2025-09-14 12:39:45.233 `label` got an empty value. This is discouraged for accessibility reasons and may be disallowed in the future by raising an exception. Please provide a non-empty label and hide it with label_visibility if needed.
Stack (most recent call last):
  File "/usr/local/python/3.12.1/lib/python3.12/threading.py", line 1030, in _bootstrap
    self._bootstrap_inner()
  File "/usr/local/python/3.12.1/lib/python3.12/threading.py", line 1073, in _bootstrap_inner
    self.run()
  File "/usr/local/python/3.12.1/lib/python3.12/threading.py", line 1010, in run
    self._target(*self._args, **self._kwargs)
  File "/usr/local/python/3.12.1/lib/python3.12/site-packages/streamlit/runtime/scriptrunner/script_runner.py", line 378, in _run_script_thread
    self._run_script(request.rerun_data)
  File "/usr/local/python/3.12.1/lib/python3.12/site-packages/streamlit/runtime/scriptrunner/script_runner.py", line 685, in _run_script
    ) = exec_func_with_error_handling(code_to_exec, ctx)
  File "/usr/local/python/3.12.1/lib/python3.12/site-packages/streamlit/runtime/scriptrunner/exec_code.py", line 128, in exec_func_with_error_handling
    result = func()
  File "/usr/local/python/3.12.1/lib/python3.12/site-packages/streamlit/runtime/scriptrunner/script_runner.py", line 669, in code_to_exec
    exec(code, module.__dict__)  # noqa: S102
  File "/workspaces/docex/webapp/app.py", line 45, in <module>
    choice = st.radio("", ["Home", "Informatie", "Document generator", "Document comparison"], index=0)
  File "/usr/local/python/3.12.1/lib/python3.12/site-packages/streamlit/runtime/metrics_util.py", line 443, in wrapped_func
    result = non_optional_func(*args, **kwargs)
  File "/usr/local/python/3.12.1/lib/python3.12/site-packages/streamlit/elements/widgets/radio.py", line 316, in radio
    return self._radio(
  File "/usr/local/python/3.12.1/lib/python3.12/site-packages/streamlit/elements/widgets/radio.py", line 361, in _radio
    maybe_raise_label_warnings(label, label_visibility)
  File "/usr/local/python/3.12.1/lib/python3.12/site-packages/streamlit/elements/lib/policies.py", line 184, in maybe_raise_label_warnings
    _LOGGER.warning(
2025-09-14 12:40:14.919 `label` got an empty value. This is discouraged for accessibility reasons and may be disallowed in the future by raising an exception. Please provide a non-empty label and hide it with label_visibility if needed.
Stack (most recent call last):
  File "/usr/local/python/3.12.1/lib/python3.12/threading.py", line 1030, in _bootstrap
    self._bootstrap_inner()
  File "/usr/local/python/3.12.1/lib/python3.12/threading.py", line 1073, in _bootstrap_inner
    self.run()
  File "/usr/local/python/3.12.1/lib/python3.12/threading.py", line 1010, in run
    self._target(*self._args, **self._kwargs)
  File "/usr/local/python/3.12.1/lib/python3.12/site-packages/streamlit/runtime/scriptrunner/script_runner.py", line 378, in _run_script_thread
    self._run_script(request.rerun_data)
  File "/usr/local/python/3.12.1/lib/python3.12/site-packages/streamlit/runtime/scriptrunner/script_runner.py", line 685, in _run_script
    ) = exec_func_with_error_handling(code_to_exec, ctx)
  File "/usr/local/python/3.12.1/lib/python3.12/site-packages/streamlit/runtime/scriptrunner/exec_code.py", line 128, in exec_func_with_error_handling
    result = func()
  File "/usr/local/python/3.12.1/lib/python3.12/site-packages/streamlit/runtime/scriptrunner/script_runner.py", line 669, in code_to_exec
    exec(code, module.__dict__)  # noqa: S102
  File "/workspaces/docex/webapp/app.py", line 45, in <module>
    choice = st.radio("", ["Home", "Informatie", "Document generator", "Document comparison"], index=0)
  File "/usr/local/python/3.12.1/lib/python3.12/site-packages/streamlit/runtime/metrics_util.py", line 443, in wrapped_func
    result = non_optional_func(*args, **kwargs)
  File "/usr/local/python/3.12.1/lib/python3.12/site-packages/streamlit/elements/widgets/radio.py", line 316, in radio
    return self._radio(
  File "/usr/local/python/3.12.1/lib/python3.12/site-packages/streamlit/elements/widgets/radio.py", line 361, in _radio
    maybe_raise_label_warnings(label, label_visibility)
  File "/usr/local/python/3.12.1/lib/python3.12/site-packages/streamlit/elements/lib/policies.py", line 184, in maybe_raise_label_warnings
    _LOGGER.warning(
2025-09-14 12:40:16.671 `label` got an empty value. This is discouraged for accessibility reasons and may be disallowed in the future by raising an exception. Please provide a non-empty label and hide it with label_visibility if needed.
Stack (most recent call last):
  File "/usr/local/python/3.12.1/lib/python3.12/threading.py", line 1030, in _bootstrap
    self._bootstrap_inner()
  File "/usr/local/python/3.12.1/lib/python3.12/threading.py", line 1073, in _bootstrap_inner
    self.run()
  File "/usr/local/python/3.12.1/lib/python3.12/threading.py", line 1010, in run
    self._target(*self._args, **self._kwargs)
  File "/usr/local/python/3.12.1/lib/python3.12/site-packages/streamlit/runtime/scriptrunner/script_runner.py", line 378, in _run_script_thread
    self._run_script(request.rerun_data)
  File "/usr/local/python/3.12.1/lib/python3.12/site-packages/streamlit/runtime/scriptrunner/script_runner.py", line 685, in _run_script
    ) = exec_func_with_error_handling(code_to_exec, ctx)
  File "/usr/local/python/3.12.1/lib/python3.12/site-packages/streamlit/runtime/scriptrunner/exec_code.py", line 128, in exec_func_with_error_handling
    result = func()
  File "/usr/local/python/3.12.1/lib/python3.12/site-packages/streamlit/runtime/scriptrunner/script_runner.py", line 669, in code_to_exec
    exec(code, module.__dict__)  # noqa: S102
  File "/workspaces/docex/webapp/app.py", line 45, in <module>
    choice = st.radio("", ["Home", "Informatie", "Document generator", "Document comparison"], index=0)
  File "/usr/local/python/3.12.1/lib/python3.12/site-packages/streamlit/runtime/metrics_util.py", line 443, in wrapped_func
    result = non_optional_func(*args, **kwargs)
  File "/usr/local/python/3.12.1/lib/python3.12/site-packages/streamlit/elements/widgets/radio.py", line 316, in radio
    return self._radio(
  File "/usr/local/python/3.12.1/lib/python3.12/site-packages/streamlit/elements/widgets/radio.py", line 361, in _radio
    maybe_raise_label_warnings(label, label_visibility)
  File "/usr/local/python/3.12.1/lib/python3.12/site-packages/streamlit/elements/lib/policies.py", line 184, in maybe_raise_label_warnings
    _LOGGER.warning(
2025-09-14 12:40:18.006 `label` got an empty value. This is discouraged for accessibility reasons and may be disallowed in the future by raising an exception. Please provide a non-empty label and hide it with label_visibility if needed.
Stack (most recent call last):
  File "/usr/local/python/3.12.1/lib/python3.12/threading.py", line 1030, in _bootstrap
    self._bootstrap_inner()
  File "/usr/local/python/3.12.1/lib/python3.12/threading.py", line 1073, in _bootstrap_inner
    self.run()
  File "/usr/local/python/3.12.1/lib/python3.12/threading.py", line 1010, in run
    self._target(*self._args, **self._kwargs)
  File "/usr/local/python/3.12.1/lib/python3.12/site-packages/streamlit/runtime/scriptrunner/script_runner.py", line 378, in _run_script_thread
    self._run_script(request.rerun_data)
  File "/usr/local/python/3.12.1/lib/python3.12/site-packages/streamlit/runtime/scriptrunner/script_runner.py", line 685, in _run_script
    ) = exec_func_with_error_handling(code_to_exec, ctx)
  File "/usr/local/python/3.12.1/lib/python3.12/site-packages/streamlit/runtime/scriptrunner/exec_code.py", line 128, in exec_func_with_error_handling
    result = func()
  File "/usr/local/python/3.12.1/lib/python3.12/site-packages/streamlit/runtime/scriptrunner/script_runner.py", line 669, in code_to_exec
    exec(code, module.__dict__)  # noqa: S102
  File "/workspaces/docex/webapp/app.py", line 45, in <module>
    choice = st.radio("", ["Home", "Informatie", "Document generator", "Document comparison"], index=0)
  File "/usr/local/python/3.12.1/lib/python3.12/site-packages/streamlit/runtime/metrics_util.py", line 443, in wrapped_func
    result = non_optional_func(*args, **kwargs)
  File "/usr/local/python/3.12.1/lib/python3.12/site-packages/streamlit/elements/widgets/radio.py", line 316, in radio
    return self._radio(
  File "/usr/local/python/3.12.1/lib/python3.12/site-packages/streamlit/elements/widgets/radio.py", line 361, in _radio
    maybe_raise_label_warnings(label, label_visibility)
  File "/usr/local/python/3.12.1/lib/python3.12/site-packages/streamlit/elements/lib/policies.py", line 184, in maybe_raise_label_warnings
    _LOGGER.warning(
